<?xml version="1.0" encoding="UTF-8"?>
<!-- Generated by org.testng.reporters.JUnitXMLReporter -->
<testsuite ignored="0" hostname="DESKTOP-C960JNM" failures="0" tests="10" name="Default test" time="37.805" errors="0" timestamp="2023-11-15T21:34:42 BDT">
  <testcase classname="automationpackage.DemoClass1" name="TestUrl" time="0.009"/>
  <testcase classname="automationpackage.DemoClass1" name="TestTitle" time="0.005"/>
  <testcase classname="automationpackage.DemoClass1" name="TestLogin" time="3.382"/>
  <testcase classname="automationpackage.DemoClass1" name="TestChooseItem" time="3.239"/>
  <testcase classname="automationpackage.DemoClass1" name="AddCart" time="3.231"/>
  <testcase classname="automationpackage.DemoClass1" name="GotoCart" time="3.231"/>
  <testcase classname="automationpackage.DemoClass1" name="CheckOut" time="3.227"/>
  <testcase classname="automationpackage.DemoClass1" name="CheckoutInfo" time="3.072"/>
  <testcase classname="automationpackage.DemoClass1" name="ContinueBtn" time="3.223"/>
  <testcase classname="automationpackage.DemoClass1" name="FinishBtn" time="2.235"/>
</testsuite> <!-- Default test -->
